BarCodeTest/build/outputs/logs/manifest-merger-debug-report.txt
-- Merging decision tree log ---
manifest
ADDED from wyxw-master\BarCodeTest\AndroidManifest.xml:2:1-33:12
INJECTED from wyxw-master\BarCodeTest\AndroidManifest.xml:2:1-33:12
INJECTED from wyxw-master\BarCodeTest\AndroidManifest.xml:2:1-33:12
INJECTED from wyxw-master\BarCodeTest\AndroidManifest.xml:2:1-33:12
INJECTED from wyxw-master\BarCodeTest\AndroidManifest.xml:2:1-33:12
INJECTED from wyxw-master\BarCodeTest\AndroidManifest.xml:2:1-33:12
INJECTED from wyxw-master\BarCodeTest\AndroidManifest.xml:2:1-33:12
	package
		ADDED from wyxw-master\BarCodeTest\AndroidManifest.xml:3:5-31
		INJECTED from wyxw-master\BarCodeTest\AndroidManifest.xml
		INJECTED from wyxw-master\BarCodeTest\AndroidManifest.xml
	android:versionName
		ADDED from wyxw-master\BarCodeTest\AndroidManifest.xml:5:5-30
		INJECTED from wyxw-master\BarCodeTest\AndroidManifest.xml
		INJECTED from wyxw-master\BarCodeTest\AndroidManifest.xml
	xmlns:android
		ADDED from wyxw-master\BarCodeTest\AndroidManifest.xml:2:11-69
	android:versionCode
		ADDED from wyxw-master\BarCodeTest\AndroidManifest.xml:4:5-28
		INJECTED from wyxw-master\BarCodeTest\AndroidManifest.xml
		INJECTED from wyxw-master\BarCodeTest\AndroidManifest.xml
uses-sdk
ADDED from wyxw-master\BarCodeTest\AndroidManifest.xml:7:5-44
INJECTED from wyxw-master\BarCodeTest\AndroidManifest.xml:7:5-44
INJECTED from wyxw-master\BarCodeTest\AndroidManifest.xml:7:5-44
INJECTED from wyxw-master\BarCodeTest\AndroidManifest.xml:7:5-44
INJECTED from wyxw-master\BarCodeTest\AndroidManifest.xml:7:5-44
	android:targetSdkVersion
		INJECTED from wyxw-master\BarCodeTest\AndroidManifest.xml
		ADDED from wyxw-master\BarCodeTest\AndroidManifest.xml:7:5-44
		INJECTED from wyxw-master\BarCodeTest\AndroidManifest.xml
	android:minSdkVersion
		ADDED from wyxw-master\BarCodeTest\AndroidManifest.xml:7:15-41
		INJECTED from wyxw-master\BarCodeTest\AndroidManifest.xml
		INJECTED from wyxw-master\BarCodeTest\AndroidManifest.xml
uses-permission#android.permission.VIBRATE
ADDED from wyxw-master\BarCodeTest\AndroidManifest.xml:9:5-66
	android:name
		ADDED from wyxw-master\BarCodeTest\AndroidManifest.xml:9:22-63
uses-permission#android.permission.CAMERA
ADDED from wyxw-master\BarCodeTest\AndroidManifest.xml:10:5-65
	android:name
		ADDED from wyxw-master\BarCodeTest\AndroidManifest.xml:10:22-62
uses-feature#android.hardware.camera
ADDED from wyxw-master\BarCodeTest\AndroidManifest.xml:11:5-60
	android:name
		ADDED from wyxw-master\BarCodeTest\AndroidManifest.xml:11:19-57
uses-feature#android.hardware.camera.autofocus
ADDED from wyxw-master\BarCodeTest\AndroidManifest.xml:12:5-70
	android:name
		ADDED from wyxw-master\BarCodeTest\AndroidManifest.xml:12:19-67
application
ADDED from wyxw-master\BarCodeTest\AndroidManifest.xml:14:5-31:19
	android:label
		ADDED from wyxw-master\BarCodeTest\AndroidManifest.xml:15:9-41
activity#com.ericssonlabs.BarCodeTestActivity
ADDED from wyxw-master\BarCodeTest\AndroidManifest.xml:16:9-23:20
	android:label
		ADDED from wyxw-master\BarCodeTest\AndroidManifest.xml:18:13-45
	android:name
		ADDED from wyxw-master\BarCodeTest\AndroidManifest.xml:17:13-48
activity#com.zxing.activity.CaptureActivity
ADDED from wyxw-master\BarCodeTest\AndroidManifest.xml:24:9-30:20
	android:screenOrientation
		ADDED from wyxw-master\BarCodeTest\AndroidManifest.xml:27:13-49
	android:windowSoftInputMode
		ADDED from wyxw-master\BarCodeTest\AndroidManifest.xml:29:13-60
	android:configChanges
		ADDED from wyxw-master\BarCodeTest\AndroidManifest.xml:25:13-63
	android:theme
		ADDED from wyxw-master\BarCodeTest\AndroidManifest.xml:28:13-71
	android:name
		ADDED from wyxw-master\BarCodeTest\AndroidManifest.xml:26:13-62